SF:lib\application\cart\cart_notifier.dart
DA:16,0
DA:17,0
DA:20,3
DA:24,0
DA:25,0
DA:26,0
DA:28,0
DA:29,0
DA:30,0
DA:32,0
DA:33,0
DA:34,0
DA:39,0
DA:40,0
DA:41,0
DA:44,0
DA:45,0
DA:46,0
DA:49,0
DA:50,0
DA:51,0
DA:54,1
DA:57,8
DA:58,3
LF:24
LH:4
end_of_record
SF:lib\application\cart\cart_state.dart
DA:19,1
DA:27,1
DA:28,1
DA:31,1
DA:35,0
DA:37,0
DA:38,0
DA:39,0
DA:41,0
DA:45,0
DA:46,0
DA:47,0
DA:48,0
DA:49,0
DA:51,0
DA:58,0
DA:59,0
DA:62,0
DA:63,0
DA:66,1
DA:74,1
DA:75,1
DA:76,1
DA:77,1
DA:78,1
DA:79,1
DA:80,1
LF:27
LH:12
end_of_record
SF:lib\domain\delivery\delivery_failure.dart
DA:7,9
DA:15,5
DA:17,0
DA:18,0
DA:20,2
DA:23,14
DA:25,0
DA:26,0
DA:31,4
DA:33,0
DA:42,1
DA:47,1
DA:48,2
DA:56,1
DA:67,1
LF:15
LH:10
end_of_record
SF:lib\domain\delivery\delivery_fee.dart
DA:11,3
DA:16,3
DA:17,3
DA:19,6
DA:20,12
DA:21,6
DA:24,2
DA:25,5
DA:26,5
DA:28,2
DA:29,2
DA:30,0
DA:31,0
DA:35,4
DA:38,3
DA:39,6
DA:40,6
DA:42,3
DA:44,4
DA:45,2
DA:46,2
DA:50,3
DA:53,2
DA:54,2
DA:55,2
DA:58,1
DA:59,1
DA:61,3
DA:62,2
DA:64,1
DA:67,1
DA:68,1
DA:75,1
DA:79,2
DA:81,2
DA:83,3
DA:88,3
DA:89,1
DA:90,1
DA:91,6
DA:98,1
DA:107,0
DA:108,0
DA:109,0
DA:110,0
DA:114,0
DA:115,0
DA:116,0
DA:117,0
DA:118,0
DA:119,0
DA:120,0
DA:121,0
DA:124,0
DA:127,0
DA:128,0
LF:56
LH:39
end_of_record
SF:lib\domain\delivery\delivery_fees.dart
DA:8,1
DA:12,2
DA:14,0
DA:17,0
DA:19,0
DA:20,0
DA:22,0
DA:24,0
DA:27,0
DA:30,0
DA:31,0
DA:35,0
DA:36,0
DA:37,0
DA:41,0
DA:42,0
DA:43,0
LF:17
LH:2
end_of_record
SF:lib\domain\delivery\price_range.dart
DA:6,3
DA:11,6
DA:12,3
DA:16,0
DA:17,0
DA:20,1
DA:23,1
DA:24,3
DA:25,3
DA:26,3
DA:27,3
DA:29,0
DA:30,0
DA:32,0
DA:33,0
DA:34,0
DA:35,0
DA:36,0
DA:40,0
DA:41,0
DA:42,0
DA:43,0
DA:44,0
LF:23
LH:9
end_of_record
SF:lib\domain\items\item.dart
DA:13,4
DA:21,0
DA:23,0
DA:24,0
DA:31,0
DA:33,0
DA:34,0
DA:39,0
DA:40,0
DA:43,1
DA:44,3
DA:45,7
DA:49,2
DA:51,7
DA:53,0
DA:54,0
DA:56,0
DA:57,0
DA:58,0
DA:59,0
DA:60,0
DA:61,0
DA:62,0
DA:66,0
DA:67,0
DA:68,0
DA:69,0
DA:70,0
DA:71,0
DA:72,0
DA:76,0
DA:78,0
DA:80,0
DA:81,0
DA:82,0
DA:83,0
DA:84,0
DA:85,0
DA:86,0
DA:87,0
DA:92,1
DA:99,1
DA:100,1
DA:101,1
DA:102,1
DA:103,1
DA:104,0
DA:110,1
DA:111,1
DA:112,1
DA:113,9
DA:114,1
DA:115,2
DA:116,7
DA:117,1
DA:118,2
DA:119,7
LF:57
LH:22
end_of_record
SF:lib\domain\items\item_cart.dart
DA:8,2
DA:13,0
DA:15,1
DA:17,3
DA:20,1
DA:23,10
DA:25,0
DA:26,0
DA:28,1
DA:32,1
DA:33,0
DA:34,1
LF:12
LH:8
end_of_record
SF:lib\domain\items\item_utils.dart
DA:10,0
DA:12,0
DA:14,0
DA:16,0
DA:18,0
DA:21,0
DA:24,0
DA:26,0
DA:27,0
DA:28,0
DA:29,0
DA:30,0
DA:31,0
DA:32,0
DA:33,0
DA:35,0
LF:16
LH:0
end_of_record
SF:lib\domain\items\payment_optimized\payment_optimized.dart
DA:13,1
DA:18,1
DA:22,3
DA:23,2
DA:25,1
DA:26,0
DA:28,3
DA:29,3
DA:32,2
DA:37,1
DA:39,5
DA:43,0
DA:46,0
DA:47,0
DA:48,0
DA:49,0
DA:51,0
DA:52,0
DA:54,0
DA:56,0
DA:59,0
DA:63,0
DA:64,0
DA:65,0
DA:69,0
DA:70,0
DA:71,0
DA:72,0
DA:76,0
DA:77,0
DA:78,0
DA:79,0
DA:93,2
DA:99,2
DA:100,4
DA:101,18
DA:104,2
DA:105,2
DA:106,2
DA:108,10
DA:111,2
DA:112,4
DA:114,0
DA:116,1
DA:118,6
DA:121,0
DA:124,0
DA:125,0
DA:126,0
DA:127,0
DA:128,0
DA:130,0
DA:131,0
DA:133,0
DA:135,0
DA:138,0
DA:143,0
DA:144,0
DA:145,0
DA:146,0
DA:150,0
DA:151,0
DA:152,0
DA:153,0
DA:154,0
DA:158,0
DA:159,0
DA:160,0
DA:161,0
DA:162,0
LF:70
LH:22
end_of_record
SF:lib\domain\items\shop_item.dart
DA:11,3
DA:20,1
DA:21,2
DA:22,1
DA:27,0
DA:28,0
DA:35,0
DA:36,0
DA:37,0
DA:38,0
DA:39,0
DA:40,0
DA:41,0
DA:42,0
DA:46,0
DA:47,0
DA:48,0
DA:49,0
DA:50,0
DA:51,0
DA:52,0
DA:53,0
DA:57,0
DA:58,0
DA:59,0
DA:60,0
DA:61,0
DA:62,0
DA:63,0
DA:64,0
LF:30
LH:4
end_of_record
SF:lib\application\browser\browser_notifier.dart
DA:14,0
DA:15,0
DA:18,1
DA:20,2
DA:25,1
DA:26,2
DA:28,1
DA:29,3
DA:30,4
DA:32,1
DA:33,0
DA:34,1
DA:35,1
DA:36,3
DA:37,4
DA:38,1
DA:39,9
DA:42,1
DA:47,0
DA:48,0
DA:49,0
DA:53,0
DA:54,0
DA:56,0
DA:59,0
DA:60,0
DA:61,0
DA:62,0
DA:63,0
DA:68,0
LF:30
LH:15
end_of_record
SF:lib\core\either.dart
DA:12,0
DA:61,4
DA:67,0
DA:69,0
DA:72,1
DA:75,0
DA:78,0
DA:79,0
DA:81,0
DA:83,0
DA:85,3
DA:90,6
DA:93,0
DA:96,3
DA:97,3
DA:99,0
DA:101,0
DA:113,3
DA:117,0
DA:119,0
DA:122,1
DA:125,0
DA:128,0
DA:129,0
DA:131,0
DA:132,0
DA:134,1
DA:139,2
DA:142,3
DA:143,3
DA:145,0
DA:148,0
DA:150,0
DA:165,7
LF:34
LH:13
end_of_record
SF:lib\domain\core\firestore_failure.dart
DA:4,11
DA:8,11
DA:12,11
DA:16,11
LF:4
LH:4
end_of_record
SF:lib\domain\items\items_fetch.dart
DA:10,1
DA:16,0
DA:20,0
DA:21,0
DA:22,0
LF:5
LH:1
end_of_record
SF:lib\core\optional.dart
DA:5,0
DA:7,22
DA:10,1
LF:3
LH:2
end_of_record
SF:lib\domain\items\i_items_browse_query.dart
DA:11,2
DA:25,0
DA:27,1
DA:30,1
DA:31,3
DA:32,3
DA:33,3
DA:34,3
DA:35,3
DA:37,0
DA:38,0
LF:11
LH:8
end_of_record
SF:lib\infrastructure\firebase\items\items_repository.dart
DA:17,0
DA:22,0
DA:24,0
DA:27,0
DA:30,0
DA:32,0
DA:33,0
DA:35,0
DA:38,0
DA:40,0
DA:42,0
DA:43,0
DA:44,0
DA:47,0
DA:49,0
DA:51,0
DA:53,0
DA:57,0
DA:59,0
DA:60,0
DA:62,0
DA:64,0
DA:65,0
DA:67,0
DA:68,0
DA:70,0
DA:74,0
DA:77,0
DA:78,0
DA:79,0
DA:80,0
DA:81,0
DA:82,0
DA:86,0
DA:89,0
DA:90,0
DA:91,0
DA:95,0
DA:96,0
DA:98,0
LF:40
LH:0
end_of_record
SF:lib\application\browser\browser_state.dart
DA:15,1
DA:16,1
DA:17,1
DA:18,1
DA:23,0
DA:24,0
DA:27,0
DA:29,5
DA:31,0
DA:34,1
DA:42,1
DA:49,1
DA:50,1
DA:51,1
DA:52,0
DA:53,1
DA:54,1
LF:17
LH:12
end_of_record
SF:lib\infrastructure\firebase\items\items_browse_query.dart
DA:8,1
DA:9,3
DA:10,3
DA:11,0
DA:15,1
DA:22,1
DA:23,1
DA:24,1
DA:25,0
DA:26,0
DA:30,1
DA:32,5
DA:34,0
DA:35,0
LF:14
LH:9
end_of_record
SF:lib\domain\core\failure.dart
DA:2,20
LF:1
LH:1
end_of_record
SF:lib\domain\core\sort_order.dart
DA:5,3
DA:10,4
DA:11,4
DA:12,2
DA:15,0
DA:24,0
DA:25,0
DA:26,0
DA:27,0
DA:31,0
DA:35,0
DA:36,0
DA:37,0
DA:41,1
DA:44,10
DA:46,0
DA:47,0
DA:49,0
DA:51,0
LF:19
LH:6
end_of_record
SF:lib\infrastructure\firebase\core\firebase_user_helper.dart
DA:4,0
DA:5,0
DA:8,0
DA:9,0
LF:4
LH:0
end_of_record
SF:lib\domain\items\payment_optimized\algorithm\payment_optimized_neighbour_search.dart
DA:11,1
DA:14,2
DA:18,1
DA:20,2
DA:22,1
DA:23,1
DA:26,1
DA:28,1
DA:29,1
DA:33,1
DA:38,7
DA:39,1
DA:40,0
DA:41,0
DA:44,1
DA:45,1
DA:50,1
DA:58,1
DA:61,1
DA:64,2
DA:66,3
DA:67,1
DA:68,2
DA:70,2
DA:71,1
DA:76,1
DA:77,1
DA:80,3
DA:84,3
DA:85,1
DA:88,2
DA:90,4
DA:92,3
DA:93,1
DA:94,1
DA:95,1
DA:99,2
DA:101,3
DA:102,2
DA:104,1
DA:107,2
DA:110,2
LF:42
LH:40
end_of_record
SF:lib\infrastructure\firebase\delivery\delivery_repository.dart
DA:13,0
DA:18,0
DA:20,0
DA:23,0
DA:25,0
DA:27,0
DA:29,0
DA:32,0
DA:37,0
DA:38,0
DA:40,0
LF:11
LH:0
end_of_record
SF:lib\domain\core\utils.dart
DA:6,1
DA:7,1
DA:8,1
DA:9,2
DA:10,2
DA:13,1
DA:14,1
DA:15,2
DA:16,2
DA:19,1
DA:20,1
DA:29,0
DA:30,0
DA:31,0
DA:35,0
DA:38,0
DA:39,0
DA:40,0
DA:43,0
DA:47,4
DA:48,4
DA:50,4
DA:51,8
DA:52,4
DA:53,3
DA:57,4
DA:58,8
DA:59,4
DA:64,8
LF:29
LH:21
end_of_record
SF:lib\domain\locations\locations_hierarchy.dart
DA:50,0
DA:51,0
DA:53,3
DA:54,3
DA:56,6
LF:5
LH:3
end_of_record
SF:lib\domain\items\payment_optimized\algorithm\payment_optimized_strategy.dart
DA:15,1
DA:18,3
DA:19,1
DA:20,1
DA:22,3
DA:24,4
DA:25,3
DA:27,2
DA:29,2
DA:30,2
DA:31,1
DA:32,1
DA:33,2
DA:34,2
DA:36,3
DA:39,1
DA:40,2
DA:43,4
DA:47,0
DA:49,0
DA:50,0
DA:51,0
DA:53,0
DA:61,1
DA:63,2
DA:65,1
DA:66,3
DA:68,2
DA:69,1
DA:73,1
DA:77,2
DA:78,2
DA:88,1
DA:90,3
DA:93,1
DA:95,2
DA:96,4
DA:97,4
DA:98,1
LF:39
LH:34
end_of_record
SF:lib\domain\items\payment_optimized\total_price.dart
DA:7,2
DA:10,2
LF:2
LH:2
end_of_record
